  [1m[35m (0.9ms)[0m  [1m[34mSELECT sqlite_version(*)[0m
  [1m[35m (0.5ms)[0m  [1m[35mCREATE TABLE "schema_migrations" ("version" varchar NOT NULL PRIMARY KEY)[0m
  [1m[35m (0.5ms)[0m  [1m[35mCREATE TABLE "ar_internal_metadata" ("key" varchar NOT NULL PRIMARY KEY, "value" varchar, "created_at" datetime(6) NOT NULL, "updated_at" datetime(6) NOT NULL)[0m
  [1m[36mActiveRecord::SchemaMigration Pluck (0.2ms)[0m  [1m[34mSELECT "schema_migrations"."version" FROM "schema_migrations" ORDER BY "schema_migrations"."version" ASC[0m
Migrating to CreateRestaurants (20220726124507)
  [1m[36mTRANSACTION (0.0ms)[0m  [1m[36mbegin transaction[0m
  [1m[35m (0.2ms)[0m  [1m[35mCREATE TABLE "restaurants" ("id" integer PRIMARY KEY AUTOINCREMENT NOT NULL, "name" varchar NOT NULL, "fee" integer DEFAULT 0 NOT NULL, "time_required" integer NOT NULL, "created_at" datetime(6) NOT NULL, "updated_at" datetime(6) NOT NULL)[0m
  [1m[36mActiveRecord::SchemaMigration Create (0.1ms)[0m  [1m[32mINSERT INTO "schema_migrations" ("version") VALUES (?)[0m  [["version", "20220726124507"]]
  [1m[36mTRANSACTION (0.6ms)[0m  [1m[36mcommit transaction[0m
Migrating to CreateFoods (20220726124646)
  [1m[36mTRANSACTION (0.0ms)[0m  [1m[36mbegin transaction[0m
  [1m[35m (0.2ms)[0m  [1m[35mCREATE TABLE "foods" ("id" integer PRIMARY KEY AUTOINCREMENT NOT NULL, "restaurant_id" integer NOT NULL, "name" varchar NOT NULL, "price" integer NOT NULL, "description" text NOT NULL, "created_at" datetime(6) NOT NULL, "updated_at" datetime(6) NOT NULL, CONSTRAINT "fk_rails_eae1e5c8ad"
FOREIGN KEY ("restaurant_id")
  REFERENCES "restaurants" ("id")
)[0m
  [1m[35m (0.0ms)[0m  [1m[35mCREATE INDEX "index_foods_on_restaurant_id" ON "foods" ("restaurant_id")[0m
  [1m[36mActiveRecord::SchemaMigration Create (0.1ms)[0m  [1m[32mINSERT INTO "schema_migrations" ("version") VALUES (?)[0m  [["version", "20220726124646"]]
  [1m[36mTRANSACTION (0.6ms)[0m  [1m[36mcommit transaction[0m
Migrating to CreateLineFoods (20220726125018)
  [1m[36mTRANSACTION (0.1ms)[0m  [1m[36mbegin transaction[0m
  [1m[35m (0.2ms)[0m  [1m[35mCREATE TABLE "line_foods" ("id" integer PRIMARY KEY AUTOINCREMENT NOT NULL, "food_id" integer NOT NULL, "restaurant_id" integer NOT NULL, "order_id" integer, "count" integer DEFAULT 0 NOT NULL, "active" boolean DEFAULT 0 NOT NULL, "created_at" datetime(6) NOT NULL, "updated_at" datetime(6) NOT NULL, CONSTRAINT "fk_rails_51ed53b961"
FOREIGN KEY ("food_id")
  REFERENCES "foods" ("id")
, CONSTRAINT "fk_rails_1e43acf94b"
FOREIGN KEY ("restaurant_id")
  REFERENCES "restaurants" ("id")
, CONSTRAINT "fk_rails_1facd9ad30"
FOREIGN KEY ("order_id")
  REFERENCES "orders" ("id")
)[0m
  [1m[35m (0.1ms)[0m  [1m[35mCREATE INDEX "index_line_foods_on_food_id" ON "line_foods" ("food_id")[0m
  [1m[35m (0.0ms)[0m  [1m[35mCREATE INDEX "index_line_foods_on_restaurant_id" ON "line_foods" ("restaurant_id")[0m
  [1m[35m (0.0ms)[0m  [1m[35mCREATE INDEX "index_line_foods_on_order_id" ON "line_foods" ("order_id")[0m
  [1m[36mActiveRecord::SchemaMigration Create (0.1ms)[0m  [1m[32mINSERT INTO "schema_migrations" ("version") VALUES (?)[0m  [["version", "20220726125018"]]
  [1m[36mTRANSACTION (0.4ms)[0m  [1m[36mcommit transaction[0m
Migrating to CreateOrders (20220726125129)
  [1m[36mTRANSACTION (0.0ms)[0m  [1m[36mbegin transaction[0m
  [1m[35m (0.2ms)[0m  [1m[35mCREATE TABLE "orders" ("id" integer PRIMARY KEY AUTOINCREMENT NOT NULL, "total_price" integer DEFAULT 0 NOT NULL, "created_at" datetime(6) NOT NULL, "updated_at" datetime(6) NOT NULL)[0m
  [1m[36mActiveRecord::SchemaMigration Create (0.1ms)[0m  [1m[32mINSERT INTO "schema_migrations" ("version") VALUES (?)[0m  [["version", "20220726125129"]]
  [1m[36mTRANSACTION (0.5ms)[0m  [1m[36mcommit transaction[0m
  [1m[36mActiveRecord::InternalMetadata Load (0.1ms)[0m  [1m[34mSELECT "ar_internal_metadata".* FROM "ar_internal_metadata" WHERE "ar_internal_metadata"."key" = ? LIMIT ?[0m  [["key", "environment"], ["LIMIT", 1]]
  [1m[36mTRANSACTION (0.0ms)[0m  [1m[36mbegin transaction[0m
  [1m[36mActiveRecord::InternalMetadata Create (0.3ms)[0m  [1m[32mINSERT INTO "ar_internal_metadata" ("key", "value", "created_at", "updated_at") VALUES (?, ?, ?, ?)[0m  [["key", "environment"], ["value", "development"], ["created_at", "2022-07-26 13:04:25.800744"], ["updated_at", "2022-07-26 13:04:25.800744"]]
  [1m[36mTRANSACTION (0.5ms)[0m  [1m[36mcommit transaction[0m
  [1m[35m (0.0ms)[0m  [1m[34mSELECT sqlite_version(*)[0m
  [1m[36mActiveRecord::SchemaMigration Pluck (0.0ms)[0m  [1m[34mSELECT "schema_migrations"."version" FROM "schema_migrations" ORDER BY "schema_migrations"."version" ASC[0m
  [1m[35m (0.3ms)[0m  [1m[34mSELECT sqlite_version(*)[0m
  [1m[36mActiveRecord::SchemaMigration Pluck (0.0ms)[0m  [1m[34mSELECT "schema_migrations"."version" FROM "schema_migrations" ORDER BY "schema_migrations"."version" ASC[0m
  [1m[35m (0.0ms)[0m  [1m[34mSELECT sqlite_version(*)[0m
  [1m[36mTRANSACTION (0.0ms)[0m  [1m[36mbegin transaction[0m
  [1m[36mRestaurant Create (0.4ms)[0m  [1m[32mINSERT INTO "restaurants" ("name", "fee", "time_required", "created_at", "updated_at") VALUES (?, ?, ?, ?, ?)[0m  [["name", "testãƒ¬ã‚¹ãƒˆãƒ©ãƒ³_0"], ["fee", 100], ["time_required", 10], ["created_at", "2022-07-27 13:17:25.569149"], ["updated_at", "2022-07-27 13:17:25.569149"]]
  [1m[36mFood Create (0.2ms)[0m  [1m[32mINSERT INTO "foods" ("restaurant_id", "name", "price", "description", "created_at", "updated_at") VALUES (?, ?, ?, ?, ?, ?)[0m  [["restaurant_id", 1], ["name", "ãƒ•ãƒ¼ãƒ‰å_0"], ["price", 500], ["description", "ãƒ•ãƒ¼ãƒ‰_0ã®èª¬æ˜æ–‡ã§ã™ã€‚"], ["created_at", "2022-07-27 13:17:25.570672"], ["updated_at", "2022-07-27 13:17:25.570672"]]
  [1m[36mFood Create (0.0ms)[0m  [1m[32mINSERT INTO "foods" ("restaurant_id", "name", "price", "description", "created_at", "updated_at") VALUES (?, ?, ?, ?, ?, ?)[0m  [["restaurant_id", 1], ["name", "ãƒ•ãƒ¼ãƒ‰å_1"], ["price", 500], ["description", "ãƒ•ãƒ¼ãƒ‰_1ã®èª¬æ˜æ–‡ã§ã™ã€‚"], ["created_at", "2022-07-27 13:17:25.571489"], ["updated_at", "2022-07-27 13:17:25.571489"]]
  [1m[36mFood Create (0.0ms)[0m  [1m[32mINSERT INTO "foods" ("restaurant_id", "name", "price", "description", "created_at", "updated_at") VALUES (?, ?, ?, ?, ?, ?)[0m  [["restaurant_id", 1], ["name", "ãƒ•ãƒ¼ãƒ‰å_2"], ["price", 500], ["description", "ãƒ•ãƒ¼ãƒ‰_2ã®èª¬æ˜æ–‡ã§ã™ã€‚"], ["created_at", "2022-07-27 13:17:25.571952"], ["updated_at", "2022-07-27 13:17:25.571952"]]
  [1m[36mFood Create (0.0ms)[0m  [1m[32mINSERT INTO "foods" ("restaurant_id", "name", "price", "description", "created_at", "updated_at") VALUES (?, ?, ?, ?, ?, ?)[0m  [["restaurant_id", 1], ["name", "ãƒ•ãƒ¼ãƒ‰å_3"], ["price", 500], ["description", "ãƒ•ãƒ¼ãƒ‰_3ã®èª¬æ˜æ–‡ã§ã™ã€‚"], ["created_at", "2022-07-27 13:17:25.572518"], ["updated_at", "2022-07-27 13:17:25.572518"]]
  [1m[36mFood Create (0.0ms)[0m  [1m[32mINSERT INTO "foods" ("restaurant_id", "name", "price", "description", "created_at", "updated_at") VALUES (?, ?, ?, ?, ?, ?)[0m  [["restaurant_id", 1], ["name", "ãƒ•ãƒ¼ãƒ‰å_4"], ["price", 500], ["description", "ãƒ•ãƒ¼ãƒ‰_4ã®èª¬æ˜æ–‡ã§ã™ã€‚"], ["created_at", "2022-07-27 13:17:25.572967"], ["updated_at", "2022-07-27 13:17:25.572967"]]
  [1m[36mFood Create (0.0ms)[0m  [1m[32mINSERT INTO "foods" ("restaurant_id", "name", "price", "description", "created_at", "updated_at") VALUES (?, ?, ?, ?, ?, ?)[0m  [["restaurant_id", 1], ["name", "ãƒ•ãƒ¼ãƒ‰å_5"], ["price", 500], ["description", "ãƒ•ãƒ¼ãƒ‰_5ã®èª¬æ˜æ–‡ã§ã™ã€‚"], ["created_at", "2022-07-27 13:17:25.573532"], ["updated_at", "2022-07-27 13:17:25.573532"]]
  [1m[36mFood Create (0.0ms)[0m  [1m[32mINSERT INTO "foods" ("restaurant_id", "name", "price", "description", "created_at", "updated_at") VALUES (?, ?, ?, ?, ?, ?)[0m  [["restaurant_id", 1], ["name", "ãƒ•ãƒ¼ãƒ‰å_6"], ["price", 500], ["description", "ãƒ•ãƒ¼ãƒ‰_6ã®èª¬æ˜æ–‡ã§ã™ã€‚"], ["created_at", "2022-07-27 13:17:25.573979"], ["updated_at", "2022-07-27 13:17:25.573979"]]
  [1m[36mFood Create (0.0ms)[0m  [1m[32mINSERT INTO "foods" ("restaurant_id", "name", "price", "description", "created_at", "updated_at") VALUES (?, ?, ?, ?, ?, ?)[0m  [["restaurant_id", 1], ["name", "ãƒ•ãƒ¼ãƒ‰å_7"], ["price", 500], ["description", "ãƒ•ãƒ¼ãƒ‰_7ã®èª¬æ˜æ–‡ã§ã™ã€‚"], ["created_at", "2022-07-27 13:17:25.574544"], ["updated_at", "2022-07-27 13:17:25.574544"]]
  [1m[36mFood Create (0.0ms)[0m  [1m[32mINSERT INTO "foods" ("restaurant_id", "name", "price", "description", "created_at", "updated_at") VALUES (?, ?, ?, ?, ?, ?)[0m  [["restaurant_id", 1], ["name", "ãƒ•ãƒ¼ãƒ‰å_8"], ["price", 500], ["description", "ãƒ•ãƒ¼ãƒ‰_8ã®èª¬æ˜æ–‡ã§ã™ã€‚"], ["created_at", "2022-07-27 13:17:25.574984"], ["updated_at", "2022-07-27 13:17:25.574984"]]
  [1m[36mFood Create (0.0ms)[0m  [1m[32mINSERT INTO "foods" ("restaurant_id", "name", "price", "description", "created_at", "updated_at") VALUES (?, ?, ?, ?, ?, ?)[0m  [["restaurant_id", 1], ["name", "ãƒ•ãƒ¼ãƒ‰å_9"], ["price", 500], ["description", "ãƒ•ãƒ¼ãƒ‰_9ã®èª¬æ˜æ–‡ã§ã™ã€‚"], ["created_at", "2022-07-27 13:17:25.575530"], ["updated_at", "2022-07-27 13:17:25.575530"]]
  [1m[36mFood Create (0.0ms)[0m  [1m[32mINSERT INTO "foods" ("restaurant_id", "name", "price", "description", "created_at", "updated_at") VALUES (?, ?, ?, ?, ?, ?)[0m  [["restaurant_id", 1], ["name", "ãƒ•ãƒ¼ãƒ‰å_10"], ["price", 500], ["description", "ãƒ•ãƒ¼ãƒ‰_10ã®èª¬æ˜æ–‡ã§ã™ã€‚"], ["created_at", "2022-07-27 13:17:25.576007"], ["updated_at", "2022-07-27 13:17:25.576007"]]
  [1m[36mFood Create (0.0ms)[0m  [1m[32mINSERT INTO "foods" ("restaurant_id", "name", "price", "description", "created_at", "updated_at") VALUES (?, ?, ?, ?, ?, ?)[0m  [["restaurant_id", 1], ["name", "ãƒ•ãƒ¼ãƒ‰å_11"], ["price", 500], ["description", "ãƒ•ãƒ¼ãƒ‰_11ã®èª¬æ˜æ–‡ã§ã™ã€‚"], ["created_at", "2022-07-27 13:17:25.576574"], ["updated_at", "2022-07-27 13:17:25.576574"]]
  [1m[36mTRANSACTION (0.3ms)[0m  [1m[36mcommit transaction[0m
  [1m[36mTRANSACTION (0.0ms)[0m  [1m[36mbegin transaction[0m
  [1m[36mRestaurant Create (0.1ms)[0m  [1m[32mINSERT INTO "restaurants" ("name", "fee", "time_required", "created_at", "updated_at") VALUES (?, ?, ?, ?, ?)[0m  [["name", "testãƒ¬ã‚¹ãƒˆãƒ©ãƒ³_1"], ["fee", 100], ["time_required", 10], ["created_at", "2022-07-27 13:17:25.578666"], ["updated_at", "2022-07-27 13:17:25.578666"]]
  [1m[36mFood Create (0.0ms)[0m  [1m[32mINSERT INTO "foods" ("restaurant_id", "name", "price", "description", "created_at", "updated_at") VALUES (?, ?, ?, ?, ?, ?)[0m  [["restaurant_id", 2], ["name", "ãƒ•ãƒ¼ãƒ‰å_0"], ["price", 500], ["description", "ãƒ•ãƒ¼ãƒ‰_0ã®èª¬æ˜æ–‡ã§ã™ã€‚"], ["created_at", "2022-07-27 13:17:25.579567"], ["updated_at", "2022-07-27 13:17:25.579567"]]
  [1m[36mFood Create (0.0ms)[0m  [1m[32mINSERT INTO "foods" ("restaurant_id", "name", "price", "description", "created_at", "updated_at") VALUES (?, ?, ?, ?, ?, ?)[0m  [["restaurant_id", 2], ["name", "ãƒ•ãƒ¼ãƒ‰å_1"], ["price", 500], ["description", "ãƒ•ãƒ¼ãƒ‰_1ã®èª¬æ˜æ–‡ã§ã™ã€‚"], ["created_at", "2022-07-27 13:17:25.580152"], ["updated_at", "2022-07-27 13:17:25.580152"]]
  [1m[36mFood Create (0.0ms)[0m  [1m[32mINSERT INTO "foods" ("restaurant_id", "name", "price", "description", "created_at", "updated_at") VALUES (?, ?, ?, ?, ?, ?)[0m  [["restaurant_id", 2], ["name", "ãƒ•ãƒ¼ãƒ‰å_2"], ["price", 500], ["description", "ãƒ•ãƒ¼ãƒ‰_2ã®èª¬æ˜æ–‡ã§ã™ã€‚"], ["created_at", "2022-07-27 13:17:25.580597"], ["updated_at", "2022-07-27 13:17:25.580597"]]
  [1m[36mFood Create (0.0ms)[0m  [1m[32mINSERT INTO "foods" ("restaurant_id", "name", "price", "description", "created_at", "updated_at") VALUES (?, ?, ?, ?, ?, ?)[0m  [["restaurant_id", 2], ["name", "ãƒ•ãƒ¼ãƒ‰å_3"], ["price", 500], ["description", "ãƒ•ãƒ¼ãƒ‰_3ã®èª¬æ˜æ–‡ã§ã™ã€‚"], ["created_at", "2022-07-27 13:17:25.581190"], ["updated_at", "2022-07-27 13:17:25.581190"]]
  [1m[36mFood Create (0.0ms)[0m  [1m[32mINSERT INTO "foods" ("restaurant_id", "name", "price", "description", "created_at", "updated_at") VALUES (?, ?, ?, ?, ?, ?)[0m  [["restaurant_id", 2], ["name", "ãƒ•ãƒ¼ãƒ‰å_4"], ["price", 500], ["description", "ãƒ•ãƒ¼ãƒ‰_4ã®èª¬æ˜æ–‡ã§ã™ã€‚"], ["created_at", "2022-07-27 13:17:25.581643"], ["updated_at", "2022-07-27 13:17:25.581643"]]
  [1m[36mFood Create (0.0ms)[0m  [1m[32mINSERT INTO "foods" ("restaurant_id", "name", "price", "description", "created_at", "updated_at") VALUES (?, ?, ?, ?, ?, ?)[0m  [["restaurant_id", 2], ["name", "ãƒ•ãƒ¼ãƒ‰å_5"], ["price", 500], ["description", "ãƒ•ãƒ¼ãƒ‰_5ã®èª¬æ˜æ–‡ã§ã™ã€‚"], ["created_at", "2022-07-27 13:17:25.582111"], ["updated_at", "2022-07-27 13:17:25.582111"]]
  [1m[36mFood Create (0.0ms)[0m  [1m[32mINSERT INTO "foods" ("restaurant_id", "name", "price", "description", "created_at", "updated_at") VALUES (?, ?, ?, ?, ?, ?)[0m  [["restaurant_id", 2], ["name", "ãƒ•ãƒ¼ãƒ‰å_6"], ["price", 500], ["description", "ãƒ•ãƒ¼ãƒ‰_6ã®èª¬æ˜æ–‡ã§ã™ã€‚"], ["created_at", "2022-07-27 13:17:25.582582"], ["updated_at", "2022-07-27 13:17:25.582582"]]
  [1m[36mFood Create (0.0ms)[0m  [1m[32mINSERT INTO "foods" ("restaurant_id", "name", "price", "description", "created_at", "updated_at") VALUES (?, ?, ?, ?, ?, ?)[0m  [["restaurant_id", 2], ["name", "ãƒ•ãƒ¼ãƒ‰å_7"], ["price", 500], ["description", "ãƒ•ãƒ¼ãƒ‰_7ã®èª¬æ˜æ–‡ã§ã™ã€‚"], ["created_at", "2022-07-27 13:17:25.583029"], ["updated_at", "2022-07-27 13:17:25.583029"]]
  [1m[36mFood Create (0.0ms)[0m  [1m[32mINSERT INTO "foods" ("restaurant_id", "name", "price", "description", "created_at", "updated_at") VALUES (?, ?, ?, ?, ?, ?)[0m  [["restaurant_id", 2], ["name", "ãƒ•ãƒ¼ãƒ‰å_8"], ["price", 500], ["description", "ãƒ•ãƒ¼ãƒ‰_8ã®èª¬æ˜æ–‡ã§ã™ã€‚"], ["created_at", "2022-07-27 13:17:25.583485"], ["updated_at", "2022-07-27 13:17:25.583485"]]
  [1m[36mFood Create (0.0ms)[0m  [1m[32mINSERT INTO "foods" ("restaurant_id", "name", "price", "description", "created_at", "updated_at") VALUES (?, ?, ?, ?, ?, ?)[0m  [["restaurant_id", 2], ["name", "ãƒ•ãƒ¼ãƒ‰å_9"], ["price", 500], ["description", "ãƒ•ãƒ¼ãƒ‰_9ã®èª¬æ˜æ–‡ã§ã™ã€‚"], ["created_at", "2022-07-27 13:17:25.583934"], ["updated_at", "2022-07-27 13:17:25.583934"]]
  [1m[36mFood Create (0.0ms)[0m  [1m[32mINSERT INTO "foods" ("restaurant_id", "name", "price", "description", "created_at", "updated_at") VALUES (?, ?, ?, ?, ?, ?)[0m  [["restaurant_id", 2], ["name", "ãƒ•ãƒ¼ãƒ‰å_10"], ["price", 500], ["description", "ãƒ•ãƒ¼ãƒ‰_10ã®èª¬æ˜æ–‡ã§ã™ã€‚"], ["created_at", "2022-07-27 13:17:25.584387"], ["updated_at", "2022-07-27 13:17:25.584387"]]
  [1m[36mFood Create (0.0ms)[0m  [1m[32mINSERT INTO "foods" ("restaurant_id", "name", "price", "description", "created_at", "updated_at") VALUES (?, ?, ?, ?, ?, ?)[0m  [["restaurant_id", 2], ["name", "ãƒ•ãƒ¼ãƒ‰å_11"], ["price", 500], ["description", "ãƒ•ãƒ¼ãƒ‰_11ã®èª¬æ˜æ–‡ã§ã™ã€‚"], ["created_at", "2022-07-27 13:17:25.584842"], ["updated_at", "2022-07-27 13:17:25.584842"]]
  [1m[36mTRANSACTION (0.2ms)[0m  [1m[36mcommit transaction[0m
  [1m[36mTRANSACTION (0.0ms)[0m  [1m[36mbegin transaction[0m
  [1m[36mRestaurant Create (0.1ms)[0m  [1m[32mINSERT INTO "restaurants" ("name", "fee", "time_required", "created_at", "updated_at") VALUES (?, ?, ?, ?, ?)[0m  [["name", "testãƒ¬ã‚¹ãƒˆãƒ©ãƒ³_2"], ["fee", 100], ["time_required", 10], ["created_at", "2022-07-27 13:17:25.586739"], ["updated_at", "2022-07-27 13:17:25.586739"]]
  [1m[36mFood Create (0.0ms)[0m  [1m[32mINSERT INTO "foods" ("restaurant_id", "name", "price", "description", "created_at", "updated_at") VALUES (?, ?, ?, ?, ?, ?)[0m  [["restaurant_id", 3], ["name", "ãƒ•ãƒ¼ãƒ‰å_0"], ["price", 500], ["description", "ãƒ•ãƒ¼ãƒ‰_0ã®èª¬æ˜æ–‡ã§ã™ã€‚"], ["created_at", "2022-07-27 13:17:25.587550"], ["updated_at", "2022-07-27 13:17:25.587550"]]
  [1m[36mFood Create (0.0ms)[0m  [1m[32mINSERT INTO "foods" ("restaurant_id", "name", "price", "description", "created_at", "updated_at") VALUES (?, ?, ?, ?, ?, ?)[0m  [["restaurant_id", 3], ["name", "ãƒ•ãƒ¼ãƒ‰å_1"], ["price", 500], ["description", "ãƒ•ãƒ¼ãƒ‰_1ã®èª¬æ˜æ–‡ã§ã™ã€‚"], ["created_at", "2022-07-27 13:17:25.588035"], ["updated_at", "2022-07-27 13:17:25.588035"]]
  [1m[36mFood Create (0.0ms)[0m  [1m[32mINSERT INTO "foods" ("restaurant_id", "name", "price", "description", "created_at", "updated_at") VALUES (?, ?, ?, ?, ?, ?)[0m  [["restaurant_id", 3], ["name", "ãƒ•ãƒ¼ãƒ‰å_2"], ["price", 500], ["description", "ãƒ•ãƒ¼ãƒ‰_2ã®èª¬æ˜æ–‡ã§ã™ã€‚"], ["created_at", "2022-07-27 13:17:25.588506"], ["updated_at", "2022-07-27 13:17:25.588506"]]
  [1m[36mFood Create (0.0ms)[0m  [1m[32mINSERT INTO "foods" ("restaurant_id", "name", "price", "description", "created_at", "updated_at") VALUES (?, ?, ?, ?, ?, ?)[0m  [["restaurant_id", 3], ["name", "ãƒ•ãƒ¼ãƒ‰å_3"], ["price", 500], ["description", "ãƒ•ãƒ¼ãƒ‰_3ã®èª¬æ˜æ–‡ã§ã™ã€‚"], ["created_at", "2022-07-27 13:17:25.588989"], ["updated_at", "2022-07-27 13:17:25.588989"]]
  [1m[36mFood Create (0.0ms)[0m  [1m[32mINSERT INTO "foods" ("restaurant_id", "name", "price", "description", "created_at", "updated_at") VALUES (?, ?, ?, ?, ?, ?)[0m  [["restaurant_id", 3], ["name", "ãƒ•ãƒ¼ãƒ‰å_4"], ["price", 500], ["description", "ãƒ•ãƒ¼ãƒ‰_4ã®èª¬æ˜æ–‡ã§ã™ã€‚"], ["created_at", "2022-07-27 13:17:25.589446"], ["updated_at", "2022-07-27 13:17:25.589446"]]
  [1m[36mFood Create (0.0ms)[0m  [1m[32mINSERT INTO "foods" ("restaurant_id", "name", "price", "description", "created_at", "updated_at") VALUES (?, ?, ?, ?, ?, ?)[0m  [["restaurant_id", 3], ["name", "ãƒ•ãƒ¼ãƒ‰å_5"], ["price", 500], ["description", "ãƒ•ãƒ¼ãƒ‰_5ã®èª¬æ˜æ–‡ã§ã™ã€‚"], ["created_at", "2022-07-27 13:17:25.589901"], ["updated_at", "2022-07-27 13:17:25.589901"]]
  [1m[36mFood Create (0.0ms)[0m  [1m[32mINSERT INTO "foods" ("restaurant_id", "name", "price", "description", "created_at", "updated_at") VALUES (?, ?, ?, ?, ?, ?)[0m  [["restaurant_id", 3], ["name", "ãƒ•ãƒ¼ãƒ‰å_6"], ["price", 500], ["description", "ãƒ•ãƒ¼ãƒ‰_6ã®èª¬æ˜æ–‡ã§ã™ã€‚"], ["created_at", "2022-07-27 13:17:25.590343"], ["updated_at", "2022-07-27 13:17:25.590343"]]
  [1m[36mFood Create (0.0ms)[0m  [1m[32mINSERT INTO "foods" ("restaurant_id", "name", "price", "description", "created_at", "updated_at") VALUES (?, ?, ?, ?, ?, ?)[0m  [["restaurant_id", 3], ["name", "ãƒ•ãƒ¼ãƒ‰å_7"], ["price", 500], ["description", "ãƒ•ãƒ¼ãƒ‰_7ã®èª¬æ˜æ–‡ã§ã™ã€‚"], ["created_at", "2022-07-27 13:17:25.590791"], ["updated_at", "2022-07-27 13:17:25.590791"]]
  [1m[36mFood Create (0.0ms)[0m  [1m[32mINSERT INTO "foods" ("restaurant_id", "name", "price", "description", "created_at", "updated_at") VALUES (?, ?, ?, ?, ?, ?)[0m  [["restaurant_id", 3], ["name", "ãƒ•ãƒ¼ãƒ‰å_8"], ["price", 500], ["description", "ãƒ•ãƒ¼ãƒ‰_8ã®èª¬æ˜æ–‡ã§ã™ã€‚"], ["created_at", "2022-07-27 13:17:25.591232"], ["updated_at", "2022-07-27 13:17:25.591232"]]
  [1m[36mFood Create (0.0ms)[0m  [1m[32mINSERT INTO "foods" ("restaurant_id", "name", "price", "description", "created_at", "updated_at") VALUES (?, ?, ?, ?, ?, ?)[0m  [["restaurant_id", 3], ["name", "ãƒ•ãƒ¼ãƒ‰å_9"], ["price", 500], ["description", "ãƒ•ãƒ¼ãƒ‰_9ã®èª¬æ˜æ–‡ã§ã™ã€‚"], ["created_at", "2022-07-27 13:17:25.591712"], ["updated_at", "2022-07-27 13:17:25.591712"]]
  [1m[36mFood Create (0.0ms)[0m  [1m[32mINSERT INTO "foods" ("restaurant_id", "name", "price", "description", "created_at", "updated_at") VALUES (?, ?, ?, ?, ?, ?)[0m  [["restaurant_id", 3], ["name", "ãƒ•ãƒ¼ãƒ‰å_10"], ["price", 500], ["description", "ãƒ•ãƒ¼ãƒ‰_10ã®èª¬æ˜æ–‡ã§ã™ã€‚"], ["created_at", "2022-07-27 13:17:25.592167"], ["updated_at", "2022-07-27 13:17:25.592167"]]
  [1m[36mFood Create (0.0ms)[0m  [1m[32mINSERT INTO "foods" ("restaurant_id", "name", "price", "description", "created_at", "updated_at") VALUES (?, ?, ?, ?, ?, ?)[0m  [["restaurant_id", 3], ["name", "ãƒ•ãƒ¼ãƒ‰å_11"], ["price", 500], ["description", "ãƒ•ãƒ¼ãƒ‰_11ã®èª¬æ˜æ–‡ã§ã™ã€‚"], ["created_at", "2022-07-27 13:17:25.592623"], ["updated_at", "2022-07-27 13:17:25.592623"]]
  [1m[36mTRANSACTION (0.2ms)[0m  [1m[36mcommit transaction[0m
  [1m[35m (0.6ms)[0m  [1m[34mSELECT sqlite_version(*)[0m
  [1m[36mRestaurant Load (0.3ms)[0m  [1m[34mSELECT "restaurants".* FROM "restaurants"[0m
  [1m[36mFood Load (1.2ms)[0m  [1m[34mSELECT "foods".* FROM "foods"[0m
  [1m[36mFood Count (1.0ms)[0m  [1m[34mSELECT COUNT(*) FROM "foods"[0m
