  [1m[35m (0.9ms)[0m  [1m[34mSELECT sqlite_version(*)[0m
  [1m[35m (0.5ms)[0m  [1m[35mCREATE TABLE "schema_migrations" ("version" varchar NOT NULL PRIMARY KEY)[0m
  [1m[35m (0.5ms)[0m  [1m[35mCREATE TABLE "ar_internal_metadata" ("key" varchar NOT NULL PRIMARY KEY, "value" varchar, "created_at" datetime(6) NOT NULL, "updated_at" datetime(6) NOT NULL)[0m
  [1m[36mActiveRecord::SchemaMigration Pluck (0.2ms)[0m  [1m[34mSELECT "schema_migrations"."version" FROM "schema_migrations" ORDER BY "schema_migrations"."version" ASC[0m
Migrating to CreateRestaurants (20220726124507)
  [1m[36mTRANSACTION (0.0ms)[0m  [1m[36mbegin transaction[0m
  [1m[35m (0.2ms)[0m  [1m[35mCREATE TABLE "restaurants" ("id" integer PRIMARY KEY AUTOINCREMENT NOT NULL, "name" varchar NOT NULL, "fee" integer DEFAULT 0 NOT NULL, "time_required" integer NOT NULL, "created_at" datetime(6) NOT NULL, "updated_at" datetime(6) NOT NULL)[0m
  [1m[36mActiveRecord::SchemaMigration Create (0.1ms)[0m  [1m[32mINSERT INTO "schema_migrations" ("version") VALUES (?)[0m  [["version", "20220726124507"]]
  [1m[36mTRANSACTION (0.6ms)[0m  [1m[36mcommit transaction[0m
Migrating to CreateFoods (20220726124646)
  [1m[36mTRANSACTION (0.0ms)[0m  [1m[36mbegin transaction[0m
  [1m[35m (0.2ms)[0m  [1m[35mCREATE TABLE "foods" ("id" integer PRIMARY KEY AUTOINCREMENT NOT NULL, "restaurant_id" integer NOT NULL, "name" varchar NOT NULL, "price" integer NOT NULL, "description" text NOT NULL, "created_at" datetime(6) NOT NULL, "updated_at" datetime(6) NOT NULL, CONSTRAINT "fk_rails_eae1e5c8ad"
FOREIGN KEY ("restaurant_id")
  REFERENCES "restaurants" ("id")
)[0m
  [1m[35m (0.0ms)[0m  [1m[35mCREATE INDEX "index_foods_on_restaurant_id" ON "foods" ("restaurant_id")[0m
  [1m[36mActiveRecord::SchemaMigration Create (0.1ms)[0m  [1m[32mINSERT INTO "schema_migrations" ("version") VALUES (?)[0m  [["version", "20220726124646"]]
  [1m[36mTRANSACTION (0.6ms)[0m  [1m[36mcommit transaction[0m
Migrating to CreateLineFoods (20220726125018)
  [1m[36mTRANSACTION (0.1ms)[0m  [1m[36mbegin transaction[0m
  [1m[35m (0.2ms)[0m  [1m[35mCREATE TABLE "line_foods" ("id" integer PRIMARY KEY AUTOINCREMENT NOT NULL, "food_id" integer NOT NULL, "restaurant_id" integer NOT NULL, "order_id" integer, "count" integer DEFAULT 0 NOT NULL, "active" boolean DEFAULT 0 NOT NULL, "created_at" datetime(6) NOT NULL, "updated_at" datetime(6) NOT NULL, CONSTRAINT "fk_rails_51ed53b961"
FOREIGN KEY ("food_id")
  REFERENCES "foods" ("id")
, CONSTRAINT "fk_rails_1e43acf94b"
FOREIGN KEY ("restaurant_id")
  REFERENCES "restaurants" ("id")
, CONSTRAINT "fk_rails_1facd9ad30"
FOREIGN KEY ("order_id")
  REFERENCES "orders" ("id")
)[0m
  [1m[35m (0.1ms)[0m  [1m[35mCREATE INDEX "index_line_foods_on_food_id" ON "line_foods" ("food_id")[0m
  [1m[35m (0.0ms)[0m  [1m[35mCREATE INDEX "index_line_foods_on_restaurant_id" ON "line_foods" ("restaurant_id")[0m
  [1m[35m (0.0ms)[0m  [1m[35mCREATE INDEX "index_line_foods_on_order_id" ON "line_foods" ("order_id")[0m
  [1m[36mActiveRecord::SchemaMigration Create (0.1ms)[0m  [1m[32mINSERT INTO "schema_migrations" ("version") VALUES (?)[0m  [["version", "20220726125018"]]
  [1m[36mTRANSACTION (0.4ms)[0m  [1m[36mcommit transaction[0m
Migrating to CreateOrders (20220726125129)
  [1m[36mTRANSACTION (0.0ms)[0m  [1m[36mbegin transaction[0m
  [1m[35m (0.2ms)[0m  [1m[35mCREATE TABLE "orders" ("id" integer PRIMARY KEY AUTOINCREMENT NOT NULL, "total_price" integer DEFAULT 0 NOT NULL, "created_at" datetime(6) NOT NULL, "updated_at" datetime(6) NOT NULL)[0m
  [1m[36mActiveRecord::SchemaMigration Create (0.1ms)[0m  [1m[32mINSERT INTO "schema_migrations" ("version") VALUES (?)[0m  [["version", "20220726125129"]]
  [1m[36mTRANSACTION (0.5ms)[0m  [1m[36mcommit transaction[0m
  [1m[36mActiveRecord::InternalMetadata Load (0.1ms)[0m  [1m[34mSELECT "ar_internal_metadata".* FROM "ar_internal_metadata" WHERE "ar_internal_metadata"."key" = ? LIMIT ?[0m  [["key", "environment"], ["LIMIT", 1]]
  [1m[36mTRANSACTION (0.0ms)[0m  [1m[36mbegin transaction[0m
  [1m[36mActiveRecord::InternalMetadata Create (0.3ms)[0m  [1m[32mINSERT INTO "ar_internal_metadata" ("key", "value", "created_at", "updated_at") VALUES (?, ?, ?, ?)[0m  [["key", "environment"], ["value", "development"], ["created_at", "2022-07-26 13:04:25.800744"], ["updated_at", "2022-07-26 13:04:25.800744"]]
  [1m[36mTRANSACTION (0.5ms)[0m  [1m[36mcommit transaction[0m
  [1m[35m (0.0ms)[0m  [1m[34mSELECT sqlite_version(*)[0m
  [1m[36mActiveRecord::SchemaMigration Pluck (0.0ms)[0m  [1m[34mSELECT "schema_migrations"."version" FROM "schema_migrations" ORDER BY "schema_migrations"."version" ASC[0m
  [1m[35m (0.3ms)[0m  [1m[34mSELECT sqlite_version(*)[0m
  [1m[36mActiveRecord::SchemaMigration Pluck (0.0ms)[0m  [1m[34mSELECT "schema_migrations"."version" FROM "schema_migrations" ORDER BY "schema_migrations"."version" ASC[0m
  [1m[35m (0.0ms)[0m  [1m[34mSELECT sqlite_version(*)[0m
  [1m[36mTRANSACTION (0.0ms)[0m  [1m[36mbegin transaction[0m
  [1m[36mRestaurant Create (0.4ms)[0m  [1m[32mINSERT INTO "restaurants" ("name", "fee", "time_required", "created_at", "updated_at") VALUES (?, ?, ?, ?, ?)[0m  [["name", "testãƒ¬ã‚¹ãƒˆãƒ©ãƒ³_0"], ["fee", 100], ["time_required", 10], ["created_at", "2022-07-27 13:17:25.569149"], ["updated_at", "2022-07-27 13:17:25.569149"]]
  [1m[36mFood Create (0.2ms)[0m  [1m[32mINSERT INTO "foods" ("restaurant_id", "name", "price", "description", "created_at", "updated_at") VALUES (?, ?, ?, ?, ?, ?)[0m  [["restaurant_id", 1], ["name", "ãƒ•ãƒ¼ãƒ‰å_0"], ["price", 500], ["description", "ãƒ•ãƒ¼ãƒ‰_0ã®èª¬æ˜Žæ–‡ã§ã™ã€‚"], ["created_at", "2022-07-27 13:17:25.570672"], ["updated_at", "2022-07-27 13:17:25.570672"]]
  [1m[36mFood Create (0.0ms)[0m  [1m[32mINSERT INTO "foods" ("restaurant_id", "name", "price", "description", "created_at", "updated_at") VALUES (?, ?, ?, ?, ?, ?)[0m  [["restaurant_id", 1], ["name", "ãƒ•ãƒ¼ãƒ‰å_1"], ["price", 500], ["description", "ãƒ•ãƒ¼ãƒ‰_1ã®èª¬æ˜Žæ–‡ã§ã™ã€‚"], ["created_at", "2022-07-27 13:17:25.571489"], ["updated_at", "2022-07-27 13:17:25.571489"]]
  [1m[36mFood Create (0.0ms)[0m  [1m[32mINSERT INTO "foods" ("restaurant_id", "name", "price", "description", "created_at", "updated_at") VALUES (?, ?, ?, ?, ?, ?)[0m  [["restaurant_id", 1], ["name", "ãƒ•ãƒ¼ãƒ‰å_2"], ["price", 500], ["description", "ãƒ•ãƒ¼ãƒ‰_2ã®èª¬æ˜Žæ–‡ã§ã™ã€‚"], ["created_at", "2022-07-27 13:17:25.571952"], ["updated_at", "2022-07-27 13:17:25.571952"]]
  [1m[36mFood Create (0.0ms)[0m  [1m[32mINSERT INTO "foods" ("restaurant_id", "name", "price", "description", "created_at", "updated_at") VALUES (?, ?, ?, ?, ?, ?)[0m  [["restaurant_id", 1], ["name", "ãƒ•ãƒ¼ãƒ‰å_3"], ["price", 500], ["description", "ãƒ•ãƒ¼ãƒ‰_3ã®èª¬æ˜Žæ–‡ã§ã™ã€‚"], ["created_at", "2022-07-27 13:17:25.572518"], ["updated_at", "2022-07-27 13:17:25.572518"]]
  [1m[36mFood Create (0.0ms)[0m  [1m[32mINSERT INTO "foods" ("restaurant_id", "name", "price", "description", "created_at", "updated_at") VALUES (?, ?, ?, ?, ?, ?)[0m  [["restaurant_id", 1], ["name", "ãƒ•ãƒ¼ãƒ‰å_4"], ["price", 500], ["description", "ãƒ•ãƒ¼ãƒ‰_4ã®èª¬æ˜Žæ–‡ã§ã™ã€‚"], ["created_at", "2022-07-27 13:17:25.572967"], ["updated_at", "2022-07-27 13:17:25.572967"]]
  [1m[36mFood Create (0.0ms)[0m  [1m[32mINSERT INTO "foods" ("restaurant_id", "name", "price", "description", "created_at", "updated_at") VALUES (?, ?, ?, ?, ?, ?)[0m  [["restaurant_id", 1], ["name", "ãƒ•ãƒ¼ãƒ‰å_5"], ["price", 500], ["description", "ãƒ•ãƒ¼ãƒ‰_5ã®èª¬æ˜Žæ–‡ã§ã™ã€‚"], ["created_at", "2022-07-27 13:17:25.573532"], ["updated_at", "2022-07-27 13:17:25.573532"]]
  [1m[36mFood Create (0.0ms)[0m  [1m[32mINSERT INTO "foods" ("restaurant_id", "name", "price", "description", "created_at", "updated_at") VALUES (?, ?, ?, ?, ?, ?)[0m  [["restaurant_id", 1], ["name", "ãƒ•ãƒ¼ãƒ‰å_6"], ["price", 500], ["description", "ãƒ•ãƒ¼ãƒ‰_6ã®èª¬æ˜Žæ–‡ã§ã™ã€‚"], ["created_at", "2022-07-27 13:17:25.573979"], ["updated_at", "2022-07-27 13:17:25.573979"]]
  [1m[36mFood Create (0.0ms)[0m  [1m[32mINSERT INTO "foods" ("restaurant_id", "name", "price", "description", "created_at", "updated_at") VALUES (?, ?, ?, ?, ?, ?)[0m  [["restaurant_id", 1], ["name", "ãƒ•ãƒ¼ãƒ‰å_7"], ["price", 500], ["description", "ãƒ•ãƒ¼ãƒ‰_7ã®èª¬æ˜Žæ–‡ã§ã™ã€‚"], ["created_at", "2022-07-27 13:17:25.574544"], ["updated_at", "2022-07-27 13:17:25.574544"]]
  [1m[36mFood Create (0.0ms)[0m  [1m[32mINSERT INTO "foods" ("restaurant_id", "name", "price", "description", "created_at", "updated_at") VALUES (?, ?, ?, ?, ?, ?)[0m  [["restaurant_id", 1], ["name", "ãƒ•ãƒ¼ãƒ‰å_8"], ["price", 500], ["description", "ãƒ•ãƒ¼ãƒ‰_8ã®èª¬æ˜Žæ–‡ã§ã™ã€‚"], ["created_at", "2022-07-27 13:17:25.574984"], ["updated_at", "2022-07-27 13:17:25.574984"]]
  [1m[36mFood Create (0.0ms)[0m  [1m[32mINSERT INTO "foods" ("restaurant_id", "name", "price", "description", "created_at", "updated_at") VALUES (?, ?, ?, ?, ?, ?)[0m  [["restaurant_id", 1], ["name", "ãƒ•ãƒ¼ãƒ‰å_9"], ["price", 500], ["description", "ãƒ•ãƒ¼ãƒ‰_9ã®èª¬æ˜Žæ–‡ã§ã™ã€‚"], ["created_at", "2022-07-27 13:17:25.575530"], ["updated_at", "2022-07-27 13:17:25.575530"]]
  [1m[36mFood Create (0.0ms)[0m  [1m[32mINSERT INTO "foods" ("restaurant_id", "name", "price", "description", "created_at", "updated_at") VALUES (?, ?, ?, ?, ?, ?)[0m  [["restaurant_id", 1], ["name", "ãƒ•ãƒ¼ãƒ‰å_10"], ["price", 500], ["description", "ãƒ•ãƒ¼ãƒ‰_10ã®èª¬æ˜Žæ–‡ã§ã™ã€‚"], ["created_at", "2022-07-27 13:17:25.576007"], ["updated_at", "2022-07-27 13:17:25.576007"]]
  [1m[36mFood Create (0.0ms)[0m  [1m[32mINSERT INTO "foods" ("restaurant_id", "name", "price", "description", "created_at", "updated_at") VALUES (?, ?, ?, ?, ?, ?)[0m  [["restaurant_id", 1], ["name", "ãƒ•ãƒ¼ãƒ‰å_11"], ["price", 500], ["description", "ãƒ•ãƒ¼ãƒ‰_11ã®èª¬æ˜Žæ–‡ã§ã™ã€‚"], ["created_at", "2022-07-27 13:17:25.576574"], ["updated_at", "2022-07-27 13:17:25.576574"]]
  [1m[36mTRANSACTION (0.3ms)[0m  [1m[36mcommit transaction[0m
  [1m[36mTRANSACTION (0.0ms)[0m  [1m[36mbegin transaction[0m
  [1m[36mRestaurant Create (0.1ms)[0m  [1m[32mINSERT INTO "restaurants" ("name", "fee", "time_required", "created_at", "updated_at") VALUES (?, ?, ?, ?, ?)[0m  [["name", "testãƒ¬ã‚¹ãƒˆãƒ©ãƒ³_1"], ["fee", 100], ["time_required", 10], ["created_at", "2022-07-27 13:17:25.578666"], ["updated_at", "2022-07-27 13:17:25.578666"]]
  [1m[36mFood Create (0.0ms)[0m  [1m[32mINSERT INTO "foods" ("restaurant_id", "name", "price", "description", "created_at", "updated_at") VALUES (?, ?, ?, ?, ?, ?)[0m  [["restaurant_id", 2], ["name", "ãƒ•ãƒ¼ãƒ‰å_0"], ["price", 500], ["description", "ãƒ•ãƒ¼ãƒ‰_0ã®èª¬æ˜Žæ–‡ã§ã™ã€‚"], ["created_at", "2022-07-27 13:17:25.579567"], ["updated_at", "2022-07-27 13:17:25.579567"]]
  [1m[36mFood Create (0.0ms)[0m  [1m[32mINSERT INTO "foods" ("restaurant_id", "name", "price", "description", "created_at", "updated_at") VALUES (?, ?, ?, ?, ?, ?)[0m  [["restaurant_id", 2], ["name", "ãƒ•ãƒ¼ãƒ‰å_1"], ["price", 500], ["description", "ãƒ•ãƒ¼ãƒ‰_1ã®èª¬æ˜Žæ–‡ã§ã™ã€‚"], ["created_at", "2022-07-27 13:17:25.580152"], ["updated_at", "2022-07-27 13:17:25.580152"]]
  [1m[36mFood Create (0.0ms)[0m  [1m[32mINSERT INTO "foods" ("restaurant_id", "name", "price", "description", "created_at", "updated_at") VALUES (?, ?, ?, ?, ?, ?)[0m  [["restaurant_id", 2], ["name", "ãƒ•ãƒ¼ãƒ‰å_2"], ["price", 500], ["description", "ãƒ•ãƒ¼ãƒ‰_2ã®èª¬æ˜Žæ–‡ã§ã™ã€‚"], ["created_at", "2022-07-27 13:17:25.580597"], ["updated_at", "2022-07-27 13:17:25.580597"]]
  [1m[36mFood Create (0.0ms)[0m  [1m[32mINSERT INTO "foods" ("restaurant_id", "name", "price", "description", "created_at", "updated_at") VALUES (?, ?, ?, ?, ?, ?)[0m  [["restaurant_id", 2], ["name", "ãƒ•ãƒ¼ãƒ‰å_3"], ["price", 500], ["description", "ãƒ•ãƒ¼ãƒ‰_3ã®èª¬æ˜Žæ–‡ã§ã™ã€‚"], ["created_at", "2022-07-27 13:17:25.581190"], ["updated_at", "2022-07-27 13:17:25.581190"]]
  [1m[36mFood Create (0.0ms)[0m  [1m[32mINSERT INTO "foods" ("restaurant_id", "name", "price", "description", "created_at", "updated_at") VALUES (?, ?, ?, ?, ?, ?)[0m  [["restaurant_id", 2], ["name", "ãƒ•ãƒ¼ãƒ‰å_4"], ["price", 500], ["description", "ãƒ•ãƒ¼ãƒ‰_4ã®èª¬æ˜Žæ–‡ã§ã™ã€‚"], ["created_at", "2022-07-27 13:17:25.581643"], ["updated_at", "2022-07-27 13:17:25.581643"]]
  [1m[36mFood Create (0.0ms)[0m  [1m[32mINSERT INTO "foods" ("restaurant_id", "name", "price", "description", "created_at", "updated_at") VALUES (?, ?, ?, ?, ?, ?)[0m  [["restaurant_id", 2], ["name", "ãƒ•ãƒ¼ãƒ‰å_5"], ["price", 500], ["description", "ãƒ•ãƒ¼ãƒ‰_5ã®èª¬æ˜Žæ–‡ã§ã™ã€‚"], ["created_at", "2022-07-27 13:17:25.582111"], ["updated_at", "2022-07-27 13:17:25.582111"]]
  [1m[36mFood Create (0.0ms)[0m  [1m[32mINSERT INTO "foods" ("restaurant_id", "name", "price", "description", "created_at", "updated_at") VALUES (?, ?, ?, ?, ?, ?)[0m  [["restaurant_id", 2], ["name", "ãƒ•ãƒ¼ãƒ‰å_6"], ["price", 500], ["description", "ãƒ•ãƒ¼ãƒ‰_6ã®èª¬æ˜Žæ–‡ã§ã™ã€‚"], ["created_at", "2022-07-27 13:17:25.582582"], ["updated_at", "2022-07-27 13:17:25.582582"]]
  [1m[36mFood Create (0.0ms)[0m  [1m[32mINSERT INTO "foods" ("restaurant_id", "name", "price", "description", "created_at", "updated_at") VALUES (?, ?, ?, ?, ?, ?)[0m  [["restaurant_id", 2], ["name", "ãƒ•ãƒ¼ãƒ‰å_7"], ["price", 500], ["description", "ãƒ•ãƒ¼ãƒ‰_7ã®èª¬æ˜Žæ–‡ã§ã™ã€‚"], ["created_at", "2022-07-27 13:17:25.583029"], ["updated_at", "2022-07-27 13:17:25.583029"]]
  [1m[36mFood Create (0.0ms)[0m  [1m[32mINSERT INTO "foods" ("restaurant_id", "name", "price", "description", "created_at", "updated_at") VALUES (?, ?, ?, ?, ?, ?)[0m  [["restaurant_id", 2], ["name", "ãƒ•ãƒ¼ãƒ‰å_8"], ["price", 500], ["description", "ãƒ•ãƒ¼ãƒ‰_8ã®èª¬æ˜Žæ–‡ã§ã™ã€‚"], ["created_at", "2022-07-27 13:17:25.583485"], ["updated_at", "2022-07-27 13:17:25.583485"]]
  [1m[36mFood Create (0.0ms)[0m  [1m[32mINSERT INTO "foods" ("restaurant_id", "name", "price", "description", "created_at", "updated_at") VALUES (?, ?, ?, ?, ?, ?)[0m  [["restaurant_id", 2], ["name", "ãƒ•ãƒ¼ãƒ‰å_9"], ["price", 500], ["description", "ãƒ•ãƒ¼ãƒ‰_9ã®èª¬æ˜Žæ–‡ã§ã™ã€‚"], ["created_at", "2022-07-27 13:17:25.583934"], ["updated_at", "2022-07-27 13:17:25.583934"]]
  [1m[36mFood Create (0.0ms)[0m  [1m[32mINSERT INTO "foods" ("restaurant_id", "name", "price", "description", "created_at", "updated_at") VALUES (?, ?, ?, ?, ?, ?)[0m  [["restaurant_id", 2], ["name", "ãƒ•ãƒ¼ãƒ‰å_10"], ["price", 500], ["description", "ãƒ•ãƒ¼ãƒ‰_10ã®èª¬æ˜Žæ–‡ã§ã™ã€‚"], ["created_at", "2022-07-27 13:17:25.584387"], ["updated_at", "2022-07-27 13:17:25.584387"]]
  [1m[36mFood Create (0.0ms)[0m  [1m[32mINSERT INTO "foods" ("restaurant_id", "name", "price", "description", "created_at", "updated_at") VALUES (?, ?, ?, ?, ?, ?)[0m  [["restaurant_id", 2], ["name", "ãƒ•ãƒ¼ãƒ‰å_11"], ["price", 500], ["description", "ãƒ•ãƒ¼ãƒ‰_11ã®èª¬æ˜Žæ–‡ã§ã™ã€‚"], ["created_at", "2022-07-27 13:17:25.584842"], ["updated_at", "2022-07-27 13:17:25.584842"]]
  [1m[36mTRANSACTION (0.2ms)[0m  [1m[36mcommit transaction[0m
  [1m[36mTRANSACTION (0.0ms)[0m  [1m[36mbegin transaction[0m
  [1m[36mRestaurant Create (0.1ms)[0m  [1m[32mINSERT INTO "restaurants" ("name", "fee", "time_required", "created_at", "updated_at") VALUES (?, ?, ?, ?, ?)[0m  [["name", "testãƒ¬ã‚¹ãƒˆãƒ©ãƒ³_2"], ["fee", 100], ["time_required", 10], ["created_at", "2022-07-27 13:17:25.586739"], ["updated_at", "2022-07-27 13:17:25.586739"]]
  [1m[36mFood Create (0.0ms)[0m  [1m[32mINSERT INTO "foods" ("restaurant_id", "name", "price", "description", "created_at", "updated_at") VALUES (?, ?, ?, ?, ?, ?)[0m  [["restaurant_id", 3], ["name", "ãƒ•ãƒ¼ãƒ‰å_0"], ["price", 500], ["description", "ãƒ•ãƒ¼ãƒ‰_0ã®èª¬æ˜Žæ–‡ã§ã™ã€‚"], ["created_at", "2022-07-27 13:17:25.587550"], ["updated_at", "2022-07-27 13:17:25.587550"]]
  [1m[36mFood Create (0.0ms)[0m  [1m[32mINSERT INTO "foods" ("restaurant_id", "name", "price", "description", "created_at", "updated_at") VALUES (?, ?, ?, ?, ?, ?)[0m  [["restaurant_id", 3], ["name", "ãƒ•ãƒ¼ãƒ‰å_1"], ["price", 500], ["description", "ãƒ•ãƒ¼ãƒ‰_1ã®èª¬æ˜Žæ–‡ã§ã™ã€‚"], ["created_at", "2022-07-27 13:17:25.588035"], ["updated_at", "2022-07-27 13:17:25.588035"]]
  [1m[36mFood Create (0.0ms)[0m  [1m[32mINSERT INTO "foods" ("restaurant_id", "name", "price", "description", "created_at", "updated_at") VALUES (?, ?, ?, ?, ?, ?)[0m  [["restaurant_id", 3], ["name", "ãƒ•ãƒ¼ãƒ‰å_2"], ["price", 500], ["description", "ãƒ•ãƒ¼ãƒ‰_2ã®èª¬æ˜Žæ–‡ã§ã™ã€‚"], ["created_at", "2022-07-27 13:17:25.588506"], ["updated_at", "2022-07-27 13:17:25.588506"]]
  [1m[36mFood Create (0.0ms)[0m  [1m[32mINSERT INTO "foods" ("restaurant_id", "name", "price", "description", "created_at", "updated_at") VALUES (?, ?, ?, ?, ?, ?)[0m  [["restaurant_id", 3], ["name", "ãƒ•ãƒ¼ãƒ‰å_3"], ["price", 500], ["description", "ãƒ•ãƒ¼ãƒ‰_3ã®èª¬æ˜Žæ–‡ã§ã™ã€‚"], ["created_at", "2022-07-27 13:17:25.588989"], ["updated_at", "2022-07-27 13:17:25.588989"]]
  [1m[36mFood Create (0.0ms)[0m  [1m[32mINSERT INTO "foods" ("restaurant_id", "name", "price", "description", "created_at", "updated_at") VALUES (?, ?, ?, ?, ?, ?)[0m  [["restaurant_id", 3], ["name", "ãƒ•ãƒ¼ãƒ‰å_4"], ["price", 500], ["description", "ãƒ•ãƒ¼ãƒ‰_4ã®èª¬æ˜Žæ–‡ã§ã™ã€‚"], ["created_at", "2022-07-27 13:17:25.589446"], ["updated_at", "2022-07-27 13:17:25.589446"]]
  [1m[36mFood Create (0.0ms)[0m  [1m[32mINSERT INTO "foods" ("restaurant_id", "name", "price", "description", "created_at", "updated_at") VALUES (?, ?, ?, ?, ?, ?)[0m  [["restaurant_id", 3], ["name", "ãƒ•ãƒ¼ãƒ‰å_5"], ["price", 500], ["description", "ãƒ•ãƒ¼ãƒ‰_5ã®èª¬æ˜Žæ–‡ã§ã™ã€‚"], ["created_at", "2022-07-27 13:17:25.589901"], ["updated_at", "2022-07-27 13:17:25.589901"]]
  [1m[36mFood Create (0.0ms)[0m  [1m[32mINSERT INTO "foods" ("restaurant_id", "name", "price", "description", "created_at", "updated_at") VALUES (?, ?, ?, ?, ?, ?)[0m  [["restaurant_id", 3], ["name", "ãƒ•ãƒ¼ãƒ‰å_6"], ["price", 500], ["description", "ãƒ•ãƒ¼ãƒ‰_6ã®èª¬æ˜Žæ–‡ã§ã™ã€‚"], ["created_at", "2022-07-27 13:17:25.590343"], ["updated_at", "2022-07-27 13:17:25.590343"]]
  [1m[36mFood Create (0.0ms)[0m  [1m[32mINSERT INTO "foods" ("restaurant_id", "name", "price", "description", "created_at", "updated_at") VALUES (?, ?, ?, ?, ?, ?)[0m  [["restaurant_id", 3], ["name", "ãƒ•ãƒ¼ãƒ‰å_7"], ["price", 500], ["description", "ãƒ•ãƒ¼ãƒ‰_7ã®èª¬æ˜Žæ–‡ã§ã™ã€‚"], ["created_at", "2022-07-27 13:17:25.590791"], ["updated_at", "2022-07-27 13:17:25.590791"]]
  [1m[36mFood Create (0.0ms)[0m  [1m[32mINSERT INTO "foods" ("restaurant_id", "name", "price", "description", "created_at", "updated_at") VALUES (?, ?, ?, ?, ?, ?)[0m  [["restaurant_id", 3], ["name", "ãƒ•ãƒ¼ãƒ‰å_8"], ["price", 500], ["description", "ãƒ•ãƒ¼ãƒ‰_8ã®èª¬æ˜Žæ–‡ã§ã™ã€‚"], ["created_at", "2022-07-27 13:17:25.591232"], ["updated_at", "2022-07-27 13:17:25.591232"]]
  [1m[36mFood Create (0.0ms)[0m  [1m[32mINSERT INTO "foods" ("restaurant_id", "name", "price", "description", "created_at", "updated_at") VALUES (?, ?, ?, ?, ?, ?)[0m  [["restaurant_id", 3], ["name", "ãƒ•ãƒ¼ãƒ‰å_9"], ["price", 500], ["description", "ãƒ•ãƒ¼ãƒ‰_9ã®èª¬æ˜Žæ–‡ã§ã™ã€‚"], ["created_at", "2022-07-27 13:17:25.591712"], ["updated_at", "2022-07-27 13:17:25.591712"]]
  [1m[36mFood Create (0.0ms)[0m  [1m[32mINSERT INTO "foods" ("restaurant_id", "name", "price", "description", "created_at", "updated_at") VALUES (?, ?, ?, ?, ?, ?)[0m  [["restaurant_id", 3], ["name", "ãƒ•ãƒ¼ãƒ‰å_10"], ["price", 500], ["description", "ãƒ•ãƒ¼ãƒ‰_10ã®èª¬æ˜Žæ–‡ã§ã™ã€‚"], ["created_at", "2022-07-27 13:17:25.592167"], ["updated_at", "2022-07-27 13:17:25.592167"]]
  [1m[36mFood Create (0.0ms)[0m  [1m[32mINSERT INTO "foods" ("restaurant_id", "name", "price", "description", "created_at", "updated_at") VALUES (?, ?, ?, ?, ?, ?)[0m  [["restaurant_id", 3], ["name", "ãƒ•ãƒ¼ãƒ‰å_11"], ["price", 500], ["description", "ãƒ•ãƒ¼ãƒ‰_11ã®èª¬æ˜Žæ–‡ã§ã™ã€‚"], ["created_at", "2022-07-27 13:17:25.592623"], ["updated_at", "2022-07-27 13:17:25.592623"]]
  [1m[36mTRANSACTION (0.2ms)[0m  [1m[36mcommit transaction[0m
  [1m[35m (0.6ms)[0m  [1m[34mSELECT sqlite_version(*)[0m
  [1m[36mRestaurant Load (0.3ms)[0m  [1m[34mSELECT "restaurants".* FROM "restaurants"[0m
  [1m[36mFood Load (1.2ms)[0m  [1m[34mSELECT "foods".* FROM "foods"[0m
  [1m[36mFood Count (1.0ms)[0m  [1m[34mSELECT COUNT(*) FROM "foods"[0m
Started GET "/" for 127.0.0.1 at 2022-07-27 22:36:59 +0900
  [1m[35m (1.5ms)[0m  [1m[34mSELECT sqlite_version(*)[0m
  [1m[36mActiveRecord::SchemaMigration Pluck (0.0ms)[0m  [1m[34mSELECT "schema_migrations"."version" FROM "schema_migrations" ORDER BY "schema_migrations"."version" ASC[0m
Processing by Rails::WelcomeController#index as HTML
  Rendering /Users/tokusea/.rbenv/versions/3.1.2/lib/ruby/gems/3.1.0/gems/railties-7.0.3.1/lib/rails/templates/rails/welcome/index.html.erb
  Rendered /Users/tokusea/.rbenv/versions/3.1.2/lib/ruby/gems/3.1.0/gems/railties-7.0.3.1/lib/rails/templates/rails/welcome/index.html.erb (Duration: 1.3ms | Allocations: 652)
Completed 200 OK in 12ms (Views: 4.2ms | ActiveRecord: 0.0ms | Allocations: 4958)


Started GET "/api/v1/restaurants" for 127.0.0.1 at 2022-07-27 22:37:20 +0900
Processing by Api::V1::RestaurantsController#index as HTML
  [1m[36mRestaurant Load (0.5ms)[0m  [1m[34mSELECT "restaurants".* FROM "restaurants"[0m
  â†³ app/controllers/api/v1/restaurants_controller.rb:8:in `index'
Completed 200 OK in 22ms (Views: 15.5ms | ActiveRecord: 0.8ms | Allocations: 7655)


Started GET "/favicon.ico" for 127.0.0.1 at 2022-07-27 22:37:20 +0900
  
ActionController::RoutingError (No route matches [GET] "/favicon.ico"):
  
Started GET "/api/v1/restaurants" for 127.0.0.1 at 2022-07-27 22:37:22 +0900
Processing by Api::V1::RestaurantsController#index as HTML
  [1m[36mRestaurant Load (0.2ms)[0m  [1m[34mSELECT "restaurants".* FROM "restaurants"[0m
  â†³ app/controllers/api/v1/restaurants_controller.rb:8:in `index'
Completed 200 OK in 4ms (Views: 3.8ms | ActiveRecord: 0.2ms | Allocations: 1207)


Started GET "/api/v1/restaurants" for 127.0.0.1 at 2022-07-27 22:37:23 +0900
Processing by Api::V1::RestaurantsController#index as HTML
  [1m[36mRestaurant Load (0.2ms)[0m  [1m[34mSELECT "restaurants".* FROM "restaurants"[0m
  â†³ app/controllers/api/v1/restaurants_controller.rb:8:in `index'
Completed 200 OK in 3ms (Views: 2.4ms | ActiveRecord: 0.2ms | Allocations: 1049)


Started GET "/api/v1/restaurants" for 127.0.0.1 at 2022-07-27 22:37:58 +0900
Processing by Api::V1::RestaurantsController#index as HTML
  [1m[36mRestaurant Load (0.2ms)[0m  [1m[34mSELECT "restaurants".* FROM "restaurants"[0m
  â†³ app/controllers/api/v1/restaurants_controller.rb:8:in `index'
Completed 200 OK in 5ms (Views: 3.8ms | ActiveRecord: 0.2ms | Allocations: 1037)


Started GET "/api/v1/restaurants" for 127.0.0.1 at 2022-07-27 22:41:01 +0900
  [1m[35m (0.4ms)[0m  [1m[34mSELECT sqlite_version(*)[0m
  [1m[36mActiveRecord::SchemaMigration Pluck (0.0ms)[0m  [1m[34mSELECT "schema_migrations"."version" FROM "schema_migrations" ORDER BY "schema_migrations"."version" ASC[0m
Processing by Api::V1::RestaurantsController#index as HTML
  [1m[36mRestaurant Load (0.2ms)[0m  [1m[34mSELECT "restaurants".* FROM "restaurants"[0m
  â†³ app/controllers/api/v1/restaurants_controller.rb:8:in `index'
Completed 200 OK in 7ms (Views: 2.9ms | ActiveRecord: 0.4ms | Allocations: 9696)


Started GET "/api/v1/foods" for 127.0.0.1 at 2022-07-27 22:41:06 +0900
  
ActionController::RoutingError (No route matches [GET] "/api/v1/foods"):
  
Started GET "/api/v1/restaurants/1/foods" for ::1 at 2022-07-27 22:41:17 +0900
Processing by Api::V1::FoodsController#index as HTML
  Parameters: {"restaurant_id"=>"1"}
  [1m[36mRestaurant Load (0.2ms)[0m  [1m[34mSELECT "restaurants".* FROM "restaurants" WHERE "restaurants"."id" = ? LIMIT ?[0m  [["id", 1], ["LIMIT", 1]]
  â†³ app/controllers/api/v1/foods_controller.rb:6:in `index'
  [1m[36mFood Load (0.5ms)[0m  [1m[34mSELECT "foods".* FROM "foods" WHERE "foods"."restaurant_id" = ?[0m  [["restaurant_id", 1]]
  â†³ app/controllers/api/v1/foods_controller.rb:9:in `index'
Completed 200 OK in 22ms (Views: 7.7ms | ActiveRecord: 1.0ms | Allocations: 10444)


Started GET "/favicon.ico" for ::1 at 2022-07-27 22:41:18 +0900
  
ActionController::RoutingError (No route matches [GET] "/favicon.ico"):
  
Started GET "/api/v1/restaurants/12foods" for ::1 at 2022-07-27 22:41:51 +0900
  
AbstractController::ActionNotFound (The action 'show' could not be found for Api::V1::RestaurantsController):
  
actionpack (7.0.3.1) lib/abstract_controller/base.rb:146:in `process'
actionpack (7.0.3.1) lib/action_controller/metal.rb:188:in `dispatch'
actionpack (7.0.3.1) lib/action_controller/metal.rb:251:in `dispatch'
actionpack (7.0.3.1) lib/action_dispatch/routing/route_set.rb:49:in `dispatch'
actionpack (7.0.3.1) lib/action_dispatch/routing/route_set.rb:32:in `serve'
actionpack (7.0.3.1) lib/action_dispatch/journey/router.rb:50:in `block in serve'
actionpack (7.0.3.1) lib/action_dispatch/journey/router.rb:32:in `each'
actionpack (7.0.3.1) lib/action_dispatch/journey/router.rb:32:in `serve'
actionpack (7.0.3.1) lib/action_dispatch/routing/route_set.rb:852:in `call'
rack (2.2.4) lib/rack/etag.rb:27:in `call'
rack (2.2.4) lib/rack/conditional_get.rb:27:in `call'
rack (2.2.4) lib/rack/head.rb:12:in `call'
activerecord (7.0.3.1) lib/active_record/migration.rb:603:in `call'
actionpack (7.0.3.1) lib/action_dispatch/middleware/callbacks.rb:27:in `block in call'
activesupport (7.0.3.1) lib/active_support/callbacks.rb:99:in `run_callbacks'
actionpack (7.0.3.1) lib/action_dispatch/middleware/callbacks.rb:26:in `call'
actionpack (7.0.3.1) lib/action_dispatch/middleware/executor.rb:14:in `call'
actionpack (7.0.3.1) lib/action_dispatch/middleware/actionable_exceptions.rb:17:in `call'
actionpack (7.0.3.1) lib/action_dispatch/middleware/debug_exceptions.rb:28:in `call'
actionpack (7.0.3.1) lib/action_dispatch/middleware/show_exceptions.rb:26:in `call'
railties (7.0.3.1) lib/rails/rack/logger.rb:40:in `call_app'
railties (7.0.3.1) lib/rails/rack/logger.rb:25:in `block in call'
activesupport (7.0.3.1) lib/active_support/tagged_logging.rb:114:in `block in tagged'
activesupport (7.0.3.1) lib/active_support/tagged_logging.rb:38:in `tagged'
activesupport (7.0.3.1) lib/active_support/tagged_logging.rb:114:in `tagged'
railties (7.0.3.1) lib/rails/rack/logger.rb:25:in `call'
actionpack (7.0.3.1) lib/action_dispatch/middleware/remote_ip.rb:93:in `call'
actionpack (7.0.3.1) lib/action_dispatch/middleware/request_id.rb:26:in `call'
rack (2.2.4) lib/rack/runtime.rb:22:in `call'
activesupport (7.0.3.1) lib/active_support/cache/strategy/local_cache_middleware.rb:29:in `call'
actionpack (7.0.3.1) lib/action_dispatch/middleware/server_timing.rb:20:in `call'
actionpack (7.0.3.1) lib/action_dispatch/middleware/executor.rb:14:in `call'
actionpack (7.0.3.1) lib/action_dispatch/middleware/static.rb:23:in `call'
rack (2.2.4) lib/rack/sendfile.rb:110:in `call'
actionpack (7.0.3.1) lib/action_dispatch/middleware/host_authorization.rb:137:in `call'
railties (7.0.3.1) lib/rails/engine.rb:530:in `call'
puma (5.6.4) lib/puma/configuration.rb:252:in `call'
puma (5.6.4) lib/puma/request.rb:77:in `block in handle_request'
puma (5.6.4) lib/puma/thread_pool.rb:340:in `with_force_shutdown'
puma (5.6.4) lib/puma/request.rb:76:in `handle_request'
puma (5.6.4) lib/puma/server.rb:441:in `process_client'
puma (5.6.4) lib/puma/thread_pool.rb:147:in `block in spawn_thread'
Started GET "/api/v1/restaurants/1/foods" for ::1 at 2022-07-27 22:41:58 +0900
Processing by Api::V1::FoodsController#index as HTML
  Parameters: {"restaurant_id"=>"1"}
  [1m[36mRestaurant Load (0.4ms)[0m  [1m[34mSELECT "restaurants".* FROM "restaurants" WHERE "restaurants"."id" = ? LIMIT ?[0m  [["id", 1], ["LIMIT", 1]]
  â†³ app/controllers/api/v1/foods_controller.rb:6:in `index'
  [1m[36mFood Load (0.2ms)[0m  [1m[34mSELECT "foods".* FROM "foods" WHERE "foods"."restaurant_id" = ?[0m  [["restaurant_id", 1]]
  â†³ app/controllers/api/v1/foods_controller.rb:9:in `index'
Completed 200 OK in 15ms (Views: 6.0ms | ActiveRecord: 0.7ms | Allocations: 2994)


